@00000003
00000097EFFD0D13DEFFED3701A122230081242300112623FF01011384000137
00A464331D8080E70000009700A46433174080E70000009700050413128080E7
600D6D3700C0006FBADD0D1300BAED3700040863264080E70000009700C00513
0047F71300256513000704630027F71300157513000507930000006F00DD0D13
01056513000704630107F71300856513000704630087F7130045651300070463
4187D7930187979304056513000704630407F71302056513000704630207F713
00D704630030069300357713001576130005079300008067080565130007D463
00C7046300F0061300F7F7130007069300C68463007006130077F69300060713
00C7046303F0061303F7F7130007069300C6846301F0061301F7F69300068713
0007851300E794630FF007130007051300D5046307F0069307F7F51300068713
000405130FF0049300000413009122230081242300112623FF01011300008067
00000513FE9412E30FF474130014041300851C630FF57513F08080E700000097
FF0101130000806701010113004124830081240300C12083001005130080006F
F14080E700000097000405130FF0049300000413009122230081242300112623
0FF57513FFF787930087F7B30FF47413001404134187D79301879793FFF44793
0081240300C12083001005130080006F00000513FC9416E300F518630FF7F793
01212023009122230081242300112623FF010113000080670101011300412483
000000970004051300050493E3C080E700000097000405130FF0091300000413
00E7F7B30FF77713001407134187D79301879793FFF447930FF57513E90080E7
00000513FB2718E30007041300F51E6300849C630FF4F4930FF7F793FFF78793
00012903004124830081240300C12083001005130080006F001005130100006F
0010079300050413009122230081242300112623FF0101130000806701010113
FD0080E700000097FFE4051300050493FE0080E700000097FFF5051302A7D263
FF0101130000806701010113004124830081240300C120830004051300A48433
000080670101011300C1208300000513FA0080E70000009700C0051300112623